<?xml version="1.0" encoding="UTF-8"?>
<!-- Generated by org.testng.reporters.JUnitXMLReporter -->
<testsuite hostname="Vibha-PC" ignored="0" name="Default test" tests="3" failures="0" timestamp="16 Nov 2018 19:58:01 GMT" time="16.285" errors="0">
  <testcase name="SignIn" time="5.637" classname="TestCases.LoginPageTest"/>
  <testcase name="loginPageTitleTest" time="0.012" classname="TestCases.LoginPageTest"/>
  <testcase name="validateTitleTest" time="0.011" classname="TestCases.LoginPageTest"/>
</testsuite> <!-- Default test -->
